{
  "RSpec": {
    "coverage": {
      "/Users/chazsimons/turing/3mod/projects/whether_sweater/sweater_whether/app/models/user.rb": {
        "lines": [
          1,
          1,
          1,
          1,
          null,
          1,
          null
        ]
      },
      "/Users/chazsimons/turing/3mod/projects/whether_sweater/sweater_whether/app/models/application_record.rb": {
        "lines": [
          1,
          1,
          null
        ]
      }
    },
    "timestamp": 1642367693
  }
}
