{
  "RSpec": {
    "coverage": {
      "/Users/chazsimons/turing/3mod/projects/whether_sweater/sweater_whether/app/controllers/api/v1/books_controller.rb": {
        "lines": [
          1,
          null,
          1,
          null,
          null,
          null
        ]
      },
      "/Users/chazsimons/turing/3mod/projects/whether_sweater/sweater_whether/app/controllers/application_controller.rb": {
        "lines": [
          1,
          null
        ]
      }
    },
    "timestamp": 1642522532
  }
}
